<?xml version="1.0" encoding="UTF-8"?>
<!-- Generated by org.testng.reporters.JUnitReportReporter -->
<testsuite hostname="LAPTOP-07AOPQM7" failures="0" tests="1" name="com.qa.testcases.MyAccountPageTest" time="9.180" errors="0" timestamp="2025-04-19T21:30:29 PDT" skipped="0">
  <testcase classname="com.qa.testcases.MyAccountPageTest" name="myAccountsPageTitleTest" time="9.180"/>
</testsuite> <!-- com.qa.testcases.MyAccountPageTest -->
