<?xml version="1.0" encoding="UTF-8"?>
<!-- Generated by org.testng.reporters.JUnitReportReporter -->
<testsuite hostname="LAPTOP-07AOPQM7" failures="0" tests="1" name="com.qa.testcases.TC03_MyAccountPageTest" time="6.753" errors="0" timestamp="2025-04-27T00:14:07 PDT" skipped="0">
  <testcase classname="com.qa.testcases.TC03_MyAccountPageTest" name="myAccountsPageTitleTest" time="6.753"/>
</testsuite> <!-- com.qa.testcases.TC03_MyAccountPageTest -->
