<?xml version="1.0" encoding="UTF-8"?>
<!-- Generated by org.testng.reporters.JUnitReportReporter -->
<testsuite hostname="LAPTOP-07AOPQM7" failures="0" tests="3" name="com.qa.testcases.AccountLoginPageTest" time="39.875" errors="0" timestamp="2025-04-19T00:53:19 PDT" skipped="0">
  <testcase classname="com.qa.testcases.AccountLoginPageTest" name="loginTest" time="7.699"/>
  <testcase classname="com.qa.testcases.AccountLoginPageTest" name="loginTest" time="16.062"/>
  <testcase classname="com.qa.testcases.AccountLoginPageTest" name="loginTest" time="16.114"/>
</testsuite> <!-- com.qa.testcases.AccountLoginPageTest -->
