<?xml version="1.0" encoding="UTF-8"?>
<!-- Generated by org.testng.reporters.JUnitReportReporter -->
<testsuite hostname="LAPTOP-07AOPQM7" failures="0" tests="1" name="com.qa.testcases.HomePageTest" time="0.055" errors="0" timestamp="2025-04-26T21:47:16 PDT" skipped="0">
  <testcase classname="com.qa.testcases.HomePageTest" name="homePageTitleTest" time="0.055"/>
</testsuite> <!-- com.qa.testcases.HomePageTest -->
