<?xml version="1.0" encoding="UTF-8"?>
<!-- Generated by org.testng.reporters.JUnitReportReporter -->
<testsuite hostname="LAPTOP-07AOPQM7" failures="0" tests="4" name="com.qa.testcases.TC02_LoginPageTest" time="28.419" errors="0" timestamp="2025-04-28T11:33:58 PDT" skipped="0">
  <testcase classname="com.qa.testcases.TC02_LoginPageTest" name="loginPageTitleTest" time="6.027"/>
  <testcase classname="com.qa.testcases.TC02_LoginPageTest" name="loginTest" time="8.053"/>
  <testcase classname="com.qa.testcases.TC02_LoginPageTest" name="loginTest" time="7.276"/>
  <testcase classname="com.qa.testcases.TC02_LoginPageTest" name="loginTest" time="7.063"/>
</testsuite> <!-- com.qa.testcases.TC02_LoginPageTest -->
