<?xml version="1.0" encoding="UTF-8"?>
<!-- Generated by org.testng.reporters.JUnitReportReporter -->
<testsuite hostname="LAPTOP-07AOPQM7" failures="0" tests="1" name="com.qa.testcases.HomePageTest" time="9.671" errors="0" timestamp="2025-04-25T17:33:56 PDT" skipped="0">
  <testcase classname="com.qa.testcases.HomePageTest" name="homePageTitleTest" time="9.671"/>
</testsuite> <!-- com.qa.testcases.HomePageTest -->
