<?xml version="1.0" encoding="UTF-8"?>
<!-- Generated by org.testng.reporters.JUnitReportReporter -->
<testsuite hostname="LAPTOP-07AOPQM7" failures="0" tests="1" name="com.qa.testcases.sprint1.HomePageTest" time="0.064" errors="0" timestamp="2025-04-26T22:05:05 PDT" skipped="0">
  <testcase classname="com.qa.testcases.sprint1.HomePageTest" name="homePageTitleTest" time="0.064"/>
</testsuite> <!-- com.qa.testcases.sprint1.HomePageTest -->
