<?xml version="1.0" encoding="UTF-8"?>
<!-- Generated by org.testng.reporters.JUnitReportReporter -->
<testsuite hostname="LAPTOP-07AOPQM7" failures="0" tests="4" name="com.qa.testcases.TC02_LoginPageTest" time="25.090" errors="0" timestamp="2025-04-27T00:14:07 PDT" skipped="0">
  <testcase classname="com.qa.testcases.TC02_LoginPageTest" name="loginPageTitleTest" time="6.124"/>
  <testcase classname="com.qa.testcases.TC02_LoginPageTest" name="loginTest" time="6.144"/>
  <testcase classname="com.qa.testcases.TC02_LoginPageTest" name="loginTest" time="6.383"/>
  <testcase classname="com.qa.testcases.TC02_LoginPageTest" name="loginTest" time="6.439"/>
</testsuite> <!-- com.qa.testcases.TC02_LoginPageTest -->
