<?xml version="1.0" encoding="UTF-8"?>
<!-- Generated by org.testng.reporters.JUnitReportReporter -->
<testsuite hostname="LAPTOP-07AOPQM7" failures="0" tests="3" name="com.qa.testcases.AccountLoginPageTest" time="41.223" errors="0" timestamp="2025-04-18T12:47:00 PDT" skipped="0">
  <testcase classname="com.qa.testcases.AccountLoginPageTest" name="loginTest" time="7.014"/>
  <testcase classname="com.qa.testcases.AccountLoginPageTest" name="loginTest" time="17.828"/>
  <testcase classname="com.qa.testcases.AccountLoginPageTest" name="loginTest" time="16.381"/>
</testsuite> <!-- com.qa.testcases.AccountLoginPageTest -->
